0 info it worked if it ends with ok
1 verbose cli [ '/data/data/com.termux/files/usr/bin/node',
1 verbose cli   '/data/data/com.termux/files/usr/bin/npm',
1 verbose cli   'docs',
1 verbose cli   'express' ]
2 info using npm@3.10.3
3 info using node@v6.3.1
4 silly docs [ 'express' ]
5 silly getDoc express
6 silly fetchPackageMetaData express
7 silly fetchNamedPackageData express
8 silly mapToRegistry name express
9 silly mapToRegistry using default registry
10 silly mapToRegistry registry https://registry.npmjs.org/
11 silly mapToRegistry data Result {
11 silly mapToRegistry   raw: 'express',
11 silly mapToRegistry   scope: null,
11 silly mapToRegistry   escapedName: 'express',
11 silly mapToRegistry   name: 'express',
11 silly mapToRegistry   rawSpec: '',
11 silly mapToRegistry   spec: 'latest',
11 silly mapToRegistry   type: 'tag' }
12 silly mapToRegistry uri https://registry.npmjs.org/express
13 verbose request uri https://registry.npmjs.org/express
14 verbose request no auth needed
15 info attempt registry request try #1 at 16:42:43 GMT-0400 (EDT)
16 verbose request id cc04692cad7102d1
17 verbose etag "7642EIJV64TLKQQ7GKCSJFFVJ"
18 http request GET https://registry.npmjs.org/express
19 http 200 https://registry.npmjs.org/express
20 verbose headers { server: 'CouchDB/1.6.1 (Erlang OTP/R16B03)',
20 verbose headers   etag: '"1N83JAFD1PY48X2YQACGW85W0"',
20 verbose headers   'content-type': 'application/json',
20 verbose headers   'content-encoding': 'gzip',
20 verbose headers   'cache-control': 'max-age=300',
20 verbose headers   'content-length': '55657',
20 verbose headers   'accept-ranges': 'bytes',
20 verbose headers   date: 'Sat, 30 Jul 2016 20:42:44 GMT',
20 verbose headers   via: '1.1 varnish',
20 verbose headers   age: '274',
20 verbose headers   connection: 'keep-alive',
20 verbose headers   'x-served-by': 'cache-atl6240-ATL',
20 verbose headers   'x-cache': 'HIT',
20 verbose headers   'x-cache-hits': '3',
20 verbose headers   'x-timer': 'S1469911364.931652,VS0,VE0',
20 verbose headers   vary: 'Accept-Encoding' }
21 silly get cb [ 200,
21 silly get   { server: 'CouchDB/1.6.1 (Erlang OTP/R16B03)',
21 silly get     etag: '"1N83JAFD1PY48X2YQACGW85W0"',
21 silly get     'content-type': 'application/json',
21 silly get     'content-encoding': 'gzip',
21 silly get     'cache-control': 'max-age=300',
21 silly get     'content-length': '55657',
21 silly get     'accept-ranges': 'bytes',
21 silly get     date: 'Sat, 30 Jul 2016 20:42:44 GMT',
21 silly get     via: '1.1 varnish',
21 silly get     age: '274',
21 silly get     connection: 'keep-alive',
21 silly get     'x-served-by': 'cache-atl6240-ATL',
21 silly get     'x-cache': 'HIT',
21 silly get     'x-cache-hits': '3',
21 silly get     'x-timer': 'S1469911364.931652,VS0,VE0',
21 silly get     vary: 'Accept-Encoding' } ]
22 verbose get saving express to /data/data/com.termux/files/home/.npm/registry.npmjs.org/express/.cache.json
23 verbose correctMkdir /data/data/com.termux/files/home/.npm correctMkdir not in flight; initializing
24 verbose stack Error: spawn xdg-open ENOENT
24 verbose stack     at exports._errnoException (util.js:1012:11)
24 verbose stack     at Process.ChildProcess._handle.onexit (internal/child_process.js:182:32)
24 verbose stack     at onErrorNT (internal/child_process.js:348:16)
24 verbose stack     at _combinedTickCallback (internal/process/next_tick.js:74:11)
24 verbose stack     at process._tickCallback (internal/process/next_tick.js:98:9)
25 verbose cwd /data/data/com.termux/files/home/proj1
26 error Linux 3.4.0-5869384
27 error argv "/data/data/com.termux/files/usr/bin/node" "/data/data/com.termux/files/usr/bin/npm" "docs" "express"
28 error node v6.3.1
29 error npm  v3.10.3
30 error path xdg-open
31 error code ENOENT
32 error errno ENOENT
33 error syscall spawn xdg-open
34 error enoent spawn xdg-open ENOENT
35 error enoent spawn xdg-open ENOENT
35 error enoent This is most likely not a problem with npm itself
35 error enoent and is related to npm not being able to find a file.
36 verbose exit [ 1, true ]
